Invoking: webpack build 
asset bundle.js 4.65 KiB [compared for emit] (name: main)
asset index.html 721 bytes [compared for emit]
runtime modules 1.96 KiB 3 modules

ERROR in main
Module not found: Error: Can't resolve './src/index.js' in '/home/saymon/Backup/Portifolio/Hematology-App/shell/shell-mf/'
resolve './src/index.js' in '/home/saymon/Backup/Portifolio/Hematology-App/shell/shell-mf/'
  using description file: /home/saymon/Backup/Portifolio/Hematology-App/shell/shell-mf/package.json (relative path: .)
    Field 'browser' doesn't contain a valid alias configuration
    using description file: /home/saymon/Backup/Portifolio/Hematology-App/shell/shell-mf/package.json (relative path: ./src/index.js)
      no extension
        Field 'browser' doesn't contain a valid alias configuration
        /home/saymon/Backup/Portifolio/Hematology-App/shell/shell-mf/src/index.js doesn't exist
      .ts
        Field 'browser' doesn't contain a valid alias configuration
        /home/saymon/Backup/Portifolio/Hematology-App/shell/shell-mf/src/index.js.ts doesn't exist
      .js
        Field 'browser' doesn't contain a valid alias configuration
        /home/saymon/Backup/Portifolio/Hematology-App/shell/shell-mf/src/index.js.js doesn't exist
      .jsx
        Field 'browser' doesn't contain a valid alias configuration
        /home/saymon/Backup/Portifolio/Hematology-App/shell/shell-mf/src/index.js.jsx doesn't exist
      .tsx
        Field 'browser' doesn't contain a valid alias configuration
        /home/saymon/Backup/Portifolio/Hematology-App/shell/shell-mf/src/index.js.tsx doesn't exist
      .css
        Field 'browser' doesn't contain a valid alias configuration
        /home/saymon/Backup/Portifolio/Hematology-App/shell/shell-mf/src/index.js.css doesn't exist
      scss
        Field 'browser' doesn't contain a valid alias configuration
        /home/saymon/Backup/Portifolio/Hematology-App/shell/shell-mf/src/index.jsscss doesn't exist
      as directory
        /home/saymon/Backup/Portifolio/Hematology-App/shell/shell-mf/src/index.js doesn't exist

shell (webpack 5.78.0) compiled with 1 error in 5062 ms
