Invoking: webpack build 
asset vendors-common_temp_node_modules_react_index_js.bundle.js 90 KiB [emitted] (id hint: vendors)
asset remoteEntry.js 28 KiB [emitted] (name: orders)
asset src_App_js.bundle.js 23.9 KiB [emitted]
asset bundle.js 13.9 KiB [emitted] (name: main)
asset index.html 560 bytes [emitted]
runtime modules 27.1 KiB 24 modules
built modules 97.1 KiB (javascript) 42 bytes (share-init) 42 bytes (consume-shared) [built]
  cacheable modules 97 KiB
    modules by path ../../common/temp/node_modules/ 93.9 KiB
      modules by path ../../common/temp/node_modules/style-loader/dist/runtime/*.js 5.84 KiB 6 modules
      modules by path ../../common/temp/node_modules/react/ 85.7 KiB 2 modules
      modules by path ../../common/temp/node_modules/css-loader/dist/runtime/*.js 2.31 KiB 2 modules
    modules by path ./src/ 3.17 KiB
      ./src/App.js 389 bytes [built] [code generated]
      ./src/App.scss 1.38 KiB [built] [code generated]
      ../../common/temp/node_modules/css-loader/dist/cjs.js!../../common/temp/node_modules/sass-loader/dist/cjs.js!./src/App.scss 1.42 KiB [built] [code generated]
  provide shared module (default) react@18.2.0 = ../../common/temp/node_modules/react/index.js 42 bytes [built] [code generated]
  container entry 42 bytes [built] [code generated]
  consume shared module (default) react@^18.2.0 (singleton) (fallback: ../../common/temp/node_modules/react/index.js) 42 bytes [built] [code generated]

ERROR in main
Module not found: Error: Can't resolve './src/index.js' in '/home/saymon/Backup/Portifolio/Hematology-App/orders/orders-mf/'
resolve './src/index.js' in '/home/saymon/Backup/Portifolio/Hematology-App/orders/orders-mf/'
  using description file: /home/saymon/Backup/Portifolio/Hematology-App/orders/orders-mf/package.json (relative path: .)
    Field 'browser' doesn't contain a valid alias configuration
    using description file: /home/saymon/Backup/Portifolio/Hematology-App/orders/orders-mf/package.json (relative path: ./src/index.js)
      no extension
        Field 'browser' doesn't contain a valid alias configuration
        /home/saymon/Backup/Portifolio/Hematology-App/orders/orders-mf/src/index.js doesn't exist
      .js
        Field 'browser' doesn't contain a valid alias configuration
        /home/saymon/Backup/Portifolio/Hematology-App/orders/orders-mf/src/index.js.js doesn't exist
      .json
        Field 'browser' doesn't contain a valid alias configuration
        /home/saymon/Backup/Portifolio/Hematology-App/orders/orders-mf/src/index.js.json doesn't exist
      .wasm
        Field 'browser' doesn't contain a valid alias configuration
        /home/saymon/Backup/Portifolio/Hematology-App/orders/orders-mf/src/index.js.wasm doesn't exist
      as directory
        /home/saymon/Backup/Portifolio/Hematology-App/orders/orders-mf/src/index.js doesn't exist

orders (webpack 5.78.0) compiled with 1 error in 215400 ms
