Invoking: webpack build 
asset remoteEntry.js 117 KiB [emitted] (name: invoices)
asset bundle.js 94.6 KiB [emitted] (name: main)
asset src_App_js.bundle.js 23.7 KiB [emitted]
asset index.html 511 bytes [emitted]
runtime modules 20.7 KiB 18 modules
built modules 96.9 KiB (javascript) 42 bytes (share-init) 42 bytes (consume-shared) [built]
  cacheable modules 96.9 KiB
    modules by path ../../common/temp/node_modules/ 93.9 KiB
      modules by path ../../common/temp/node_modules/style-loader/dist/runtime/*.js 5.84 KiB 6 modules
      modules by path ../../common/temp/node_modules/react/ 85.7 KiB 2 modules
      modules by path ../../common/temp/node_modules/css-loader/dist/runtime/*.js 2.31 KiB 2 modules
    modules by path ./src/ 3.03 KiB
      ./src/App.js 330 bytes [built] [code generated]
      ./src/App.scss 1.38 KiB [built] [code generated]
      ../../common/temp/node_modules/css-loader/dist/cjs.js!../../common/temp/node_modules/sass-loader/dist/cjs.js!./src/App.scss 1.33 KiB [built] [code generated]
  provide shared module (default) react@18.2.0 = ../../common/temp/node_modules/react/index.js 42 bytes [built] [code generated]
  container entry 42 bytes [built] [code generated]
  consume shared module (default) react@^18.2.0 (singleton) (fallback: ../../common/temp/node_modules/react/index.js) (eager) 42 bytes [built] [code generated]

ERROR in main
Module not found: Error: Can't resolve './src/index.js' in '/home/saymon/Backup/Portifolio/Hematology-App/invoices/invoices-mf/'
resolve './src/index.js' in '/home/saymon/Backup/Portifolio/Hematology-App/invoices/invoices-mf/'
  using description file: /home/saymon/Backup/Portifolio/Hematology-App/invoices/invoices-mf/package.json (relative path: .)
    Field 'browser' doesn't contain a valid alias configuration
    using description file: /home/saymon/Backup/Portifolio/Hematology-App/invoices/invoices-mf/package.json (relative path: ./src/index.js)
      no extension
        Field 'browser' doesn't contain a valid alias configuration
        /home/saymon/Backup/Portifolio/Hematology-App/invoices/invoices-mf/src/index.js doesn't exist
      .ts
        Field 'browser' doesn't contain a valid alias configuration
        /home/saymon/Backup/Portifolio/Hematology-App/invoices/invoices-mf/src/index.js.ts doesn't exist
      .js
        Field 'browser' doesn't contain a valid alias configuration
        /home/saymon/Backup/Portifolio/Hematology-App/invoices/invoices-mf/src/index.js.js doesn't exist
      .jsx
        Field 'browser' doesn't contain a valid alias configuration
        /home/saymon/Backup/Portifolio/Hematology-App/invoices/invoices-mf/src/index.js.jsx doesn't exist
      .tsx
        Field 'browser' doesn't contain a valid alias configuration
        /home/saymon/Backup/Portifolio/Hematology-App/invoices/invoices-mf/src/index.js.tsx doesn't exist
      .css
        Field 'browser' doesn't contain a valid alias configuration
        /home/saymon/Backup/Portifolio/Hematology-App/invoices/invoices-mf/src/index.js.css doesn't exist
      scss
        Field 'browser' doesn't contain a valid alias configuration
        /home/saymon/Backup/Portifolio/Hematology-App/invoices/invoices-mf/src/index.jsscss doesn't exist
      as directory
        /home/saymon/Backup/Portifolio/Hematology-App/invoices/invoices-mf/src/index.js doesn't exist

invoices (webpack 5.78.0) compiled with 1 error in 215930 ms
