Invoking: webpack build 
asset remoteEntry.js 6.84 KiB [emitted] (name: customers_and_suppliers)
asset bundle.js 5.17 KiB [emitted] (name: main)
asset index.html 312 bytes [emitted]
runtime modules 4.26 KiB 7 modules
built modules 64 bytes [built]
  ./src/index.js 22 bytes [built] [code generated]
  container entry 42 bytes [built] [code generated]

ERROR in ./src/index.js 1:0-21
Module not found: Error: Can't resolve './bootstrap' in '/home/saymon/Backup/Portifolio/Hematology-App/customers-and-suppliers/customers-and-suppliers-mf/src'
resolve './bootstrap' in '/home/saymon/Backup/Portifolio/Hematology-App/customers-and-suppliers/customers-and-suppliers-mf/src'
  using description file: /home/saymon/Backup/Portifolio/Hematology-App/customers-and-suppliers/customers-and-suppliers-mf/package.json (relative path: ./src)
    Field 'browser' doesn't contain a valid alias configuration
    using description file: /home/saymon/Backup/Portifolio/Hematology-App/customers-and-suppliers/customers-and-suppliers-mf/package.json (relative path: ./src/bootstrap)
      no extension
        Field 'browser' doesn't contain a valid alias configuration
        /home/saymon/Backup/Portifolio/Hematology-App/customers-and-suppliers/customers-and-suppliers-mf/src/bootstrap doesn't exist
      .js
        Field 'browser' doesn't contain a valid alias configuration
        /home/saymon/Backup/Portifolio/Hematology-App/customers-and-suppliers/customers-and-suppliers-mf/src/bootstrap.js doesn't exist
      .json
        Field 'browser' doesn't contain a valid alias configuration
        /home/saymon/Backup/Portifolio/Hematology-App/customers-and-suppliers/customers-and-suppliers-mf/src/bootstrap.json doesn't exist
      .wasm
        Field 'browser' doesn't contain a valid alias configuration
        /home/saymon/Backup/Portifolio/Hematology-App/customers-and-suppliers/customers-and-suppliers-mf/src/bootstrap.wasm doesn't exist
      as directory
        /home/saymon/Backup/Portifolio/Hematology-App/customers-and-suppliers/customers-and-suppliers-mf/src/bootstrap doesn't exist

ERROR in container entry ./CustomersAndSuppliersModule[0]
Module not found: Error: Can't resolve './src/App' in '/home/saymon/Backup/Portifolio/Hematology-App/customers-and-suppliers/customers-and-suppliers-mf/'
resolve './src/App' in '/home/saymon/Backup/Portifolio/Hematology-App/customers-and-suppliers/customers-and-suppliers-mf/'
  using description file: /home/saymon/Backup/Portifolio/Hematology-App/customers-and-suppliers/customers-and-suppliers-mf/package.json (relative path: .)
    Field 'browser' doesn't contain a valid alias configuration
    using description file: /home/saymon/Backup/Portifolio/Hematology-App/customers-and-suppliers/customers-and-suppliers-mf/package.json (relative path: ./src/App)
      no extension
        Field 'browser' doesn't contain a valid alias configuration
        /home/saymon/Backup/Portifolio/Hematology-App/customers-and-suppliers/customers-and-suppliers-mf/src/App doesn't exist
      .js
        Field 'browser' doesn't contain a valid alias configuration
        /home/saymon/Backup/Portifolio/Hematology-App/customers-and-suppliers/customers-and-suppliers-mf/src/App.js doesn't exist
      .json
        Field 'browser' doesn't contain a valid alias configuration
        /home/saymon/Backup/Portifolio/Hematology-App/customers-and-suppliers/customers-and-suppliers-mf/src/App.json doesn't exist
      .wasm
        Field 'browser' doesn't contain a valid alias configuration
        /home/saymon/Backup/Portifolio/Hematology-App/customers-and-suppliers/customers-and-suppliers-mf/src/App.wasm doesn't exist
      as directory
        /home/saymon/Backup/Portifolio/Hematology-App/customers-and-suppliers/customers-and-suppliers-mf/src/App doesn't exist

customers_and_suppliers (webpack 5.78.0) compiled with 2 errors in 137749 ms
