Invoking: webpack build 
asset remoteEntry.js 117 KiB [emitted] (name: statistics)
asset bundle.js 94.6 KiB [emitted] (name: main)
asset src_App_js.bundle.js 46.4 KiB [emitted]
asset index.html 513 bytes [emitted]
runtime modules 20.7 KiB 18 modules
built modules 102 KiB (javascript) 42 bytes (share-init) 42 bytes (consume-shared) [built]
  modules by path ../../ 99.3 KiB
    modules by path ../../common/temp/node_modules/ 93.9 KiB 10 modules
    modules by path ../../libs/components/ 5.42 KiB
      modules by path ../../libs/components/widget-container/ 2.35 KiB 3 modules
      modules by path ../../libs/components/widget-number/ 3.07 KiB 3 modules
  modules by path ./src/ 2.77 KiB
    ./src/App.js 662 bytes [built] [code generated]
    ./src/App.scss 1.38 KiB [built] [code generated]
    ../../common/temp/node_modules/css-loader/dist/cjs.js!../../common/temp/node_modules/sass-loader/dist/cjs.js!./src/App.scss 759 bytes [built] [code generated]
  provide shared module (default) react@18.2.0 = ../../common/temp/node_modules/react/index.js 42 bytes [built] [code generated]
  container entry 42 bytes [built] [code generated]
  consume shared module (default) react@^18.2.0 (singleton) (fallback: ../../common/temp/node_modules/react/index.js) (eager) 42 bytes [built] [code generated]

ERROR in main
Module not found: Error: Can't resolve './src/index.js' in '/home/saymon/Backup/Portifolio/Hematology-App/statistics/statistics-mf/'
resolve './src/index.js' in '/home/saymon/Backup/Portifolio/Hematology-App/statistics/statistics-mf/'
  using description file: /home/saymon/Backup/Portifolio/Hematology-App/statistics/statistics-mf/package.json (relative path: .)
    Field 'browser' doesn't contain a valid alias configuration
    using description file: /home/saymon/Backup/Portifolio/Hematology-App/statistics/statistics-mf/package.json (relative path: ./src/index.js)
      no extension
        Field 'browser' doesn't contain a valid alias configuration
        /home/saymon/Backup/Portifolio/Hematology-App/statistics/statistics-mf/src/index.js doesn't exist
      .ts
        Field 'browser' doesn't contain a valid alias configuration
        /home/saymon/Backup/Portifolio/Hematology-App/statistics/statistics-mf/src/index.js.ts doesn't exist
      .js
        Field 'browser' doesn't contain a valid alias configuration
        /home/saymon/Backup/Portifolio/Hematology-App/statistics/statistics-mf/src/index.js.js doesn't exist
      .jsx
        Field 'browser' doesn't contain a valid alias configuration
        /home/saymon/Backup/Portifolio/Hematology-App/statistics/statistics-mf/src/index.js.jsx doesn't exist
      .tsx
        Field 'browser' doesn't contain a valid alias configuration
        /home/saymon/Backup/Portifolio/Hematology-App/statistics/statistics-mf/src/index.js.tsx doesn't exist
      .css
        Field 'browser' doesn't contain a valid alias configuration
        /home/saymon/Backup/Portifolio/Hematology-App/statistics/statistics-mf/src/index.js.css doesn't exist
      scss
        Field 'browser' doesn't contain a valid alias configuration
        /home/saymon/Backup/Portifolio/Hematology-App/statistics/statistics-mf/src/index.jsscss doesn't exist
      as directory
        /home/saymon/Backup/Portifolio/Hematology-App/statistics/statistics-mf/src/index.js doesn't exist

statistics (webpack 5.78.0) compiled with 1 error in 239799 ms
