Invoking: webpack build 
assets by chunk 1.12 MiB (id hint: vendors)
  asset vendors-common_temp_node_modules_react-dom_index_js.bundle.js 1.03 MiB [emitted] (id hint: vendors)
  asset vendors-common_temp_node_modules_react_index_js.bundle.js 90 KiB [emitted] (id hint: vendors)
asset bundle.js 55.9 KiB [emitted] (name: main)
asset remoteEntry.js 28.2 KiB [emitted] (name: contracts)
asset common_temp_node_modules_web-vitals_dist_web-vitals_js.bundle.js 5.98 KiB [emitted]
asset index.html 511 bytes [emitted]
runtime modules 40.9 KiB 27 modules
built modules 1.1 MiB (javascript) 126 bytes (share-init) 126 bytes (consume-shared) [built]
  cacheable modules 1.1 MiB
    modules by path ../../common/temp/node_modules/ 1.09 MiB 16 modules
    modules by path ./src/ 3.2 KiB 4 modules
  provide-module modules 126 bytes
    provide shared module (default) react-dom@18.2.0 = ../../common/temp/node_modules/react-dom/index.js 42 bytes [built] [code generated]
    provide shared module (default) react@18.2.0 = ../../common/temp/node_modules/react/index.js 42 bytes [built] [code generated]
    provide shared module (default) web-vitals@2.1.4 = ../../common/temp/node_modules/web-vitals/dist/web-vitals.js 42 bytes [built] [code generated]
  consume-shared-module modules 126 bytes
    consume shared module (default) react@^18.2.0 (singleton) (fallback: ../../common/temp/node_modules/react/index.js) 42 bytes [built] [code generated]
    consume shared module (default) react-dom@^18.2.0 (singleton) (fallback: ../../common/temp/node_modules/react-dom/index.js) 42 bytes [built] [code generated]
    consume shared module (default) web-vitals@^2.1.4 (strict) (fallback: ../../common/temp/node_modules/web-vitals/dist/web-vitals.js) 42 bytes [built] [code generated]
  container entry 42 bytes [built] [code generated]

ERROR in ./src/index.js 4:0-24
Module not found: Error: Can't resolve './App' in '/home/saymon/Backup/Portifolio/Hematology-App/contracts/contracts-mf/src'
resolve './App' in '/home/saymon/Backup/Portifolio/Hematology-App/contracts/contracts-mf/src'
  using description file: /home/saymon/Backup/Portifolio/Hematology-App/contracts/contracts-mf/package.json (relative path: ./src)
    Field 'browser' doesn't contain a valid alias configuration
    using description file: /home/saymon/Backup/Portifolio/Hematology-App/contracts/contracts-mf/package.json (relative path: ./src/App)
      no extension
        Field 'browser' doesn't contain a valid alias configuration
        /home/saymon/Backup/Portifolio/Hematology-App/contracts/contracts-mf/src/App doesn't exist
      .js
        Field 'browser' doesn't contain a valid alias configuration
        /home/saymon/Backup/Portifolio/Hematology-App/contracts/contracts-mf/src/App.js doesn't exist
      .json
        Field 'browser' doesn't contain a valid alias configuration
        /home/saymon/Backup/Portifolio/Hematology-App/contracts/contracts-mf/src/App.json doesn't exist
      .wasm
        Field 'browser' doesn't contain a valid alias configuration
        /home/saymon/Backup/Portifolio/Hematology-App/contracts/contracts-mf/src/App.wasm doesn't exist
      as directory
        /home/saymon/Backup/Portifolio/Hematology-App/contracts/contracts-mf/src/App doesn't exist

ERROR in container entry ./ContractsModule[0]
Module not found: Error: Can't resolve './src/App' in '/home/saymon/Backup/Portifolio/Hematology-App/contracts/contracts-mf/'
resolve './src/App' in '/home/saymon/Backup/Portifolio/Hematology-App/contracts/contracts-mf/'
  using description file: /home/saymon/Backup/Portifolio/Hematology-App/contracts/contracts-mf/package.json (relative path: .)
    Field 'browser' doesn't contain a valid alias configuration
    using description file: /home/saymon/Backup/Portifolio/Hematology-App/contracts/contracts-mf/package.json (relative path: ./src/App)
      no extension
        Field 'browser' doesn't contain a valid alias configuration
        /home/saymon/Backup/Portifolio/Hematology-App/contracts/contracts-mf/src/App doesn't exist
      .js
        Field 'browser' doesn't contain a valid alias configuration
        /home/saymon/Backup/Portifolio/Hematology-App/contracts/contracts-mf/src/App.js doesn't exist
      .json
        Field 'browser' doesn't contain a valid alias configuration
        /home/saymon/Backup/Portifolio/Hematology-App/contracts/contracts-mf/src/App.json doesn't exist
      .wasm
        Field 'browser' doesn't contain a valid alias configuration
        /home/saymon/Backup/Portifolio/Hematology-App/contracts/contracts-mf/src/App.wasm doesn't exist
      as directory
        /home/saymon/Backup/Portifolio/Hematology-App/contracts/contracts-mf/src/App doesn't exist

contracts (webpack 5.78.0) compiled with 2 errors in 203805 ms
